2023-01-29T21:30:12+00:00 CRITICAL syntax error, unexpected token "}" in C:\xampp\htdocs\wordpress\wp-content\themes\shopgrids\functions.php on line 43

2023-01-29T23:06:58+00:00 CRITICAL Uncaught Error: Call to undefined method WC_Product_Simple::have_posts() in C:\xampp\htdocs\wordpress\wp-content\themes\shopgrids\index.php:215
Stack trace:
#0 C:\xampp\htdocs\wordpress\wp-includes\template-loader.php(106): include()
#1 C:\xampp\htdocs\wordpress\wp-blog-header.php(19): require_once('C:\\xampp\\htdocs...')
#2 C:\xampp\htdocs\wordpress\index.php(17): require('C:\\xampp\\htdocs...')
#3 {main}
  thrown in C:\xampp\htdocs\wordpress\wp-content\themes\shopgrids\index.php on line 215

2023-01-29T23:07:00+00:00 CRITICAL Uncaught Error: Call to undefined method WC_Product_Simple::have_posts() in C:\xampp\htdocs\wordpress\wp-content\themes\shopgrids\index.php:215
Stack trace:
#0 C:\xampp\htdocs\wordpress\wp-includes\template-loader.php(106): include()
#1 C:\xampp\htdocs\wordpress\wp-blog-header.php(19): require_once('C:\\xampp\\htdocs...')
#2 C:\xampp\htdocs\wordpress\index.php(17): require('C:\\xampp\\htdocs...')
#3 {main}
  thrown in C:\xampp\htdocs\wordpress\wp-content\themes\shopgrids\index.php on line 215

2023-01-29T23:07:36+00:00 CRITICAL Uncaught Error: Call to undefined method WC_Product_Simple::have_posts() in C:\xampp\htdocs\wordpress\wp-content\themes\shopgrids\index.php:215
Stack trace:
#0 C:\xampp\htdocs\wordpress\wp-includes\template-loader.php(106): include()
#1 C:\xampp\htdocs\wordpress\wp-blog-header.php(19): require_once('C:\\xampp\\htdocs...')
#2 C:\xampp\htdocs\wordpress\index.php(17): require('C:\\xampp\\htdocs...')
#3 {main}
  thrown in C:\xampp\htdocs\wordpress\wp-content\themes\shopgrids\index.php on line 215

2023-01-29T23:07:37+00:00 CRITICAL Uncaught Error: Call to undefined method WC_Product_Simple::have_posts() in C:\xampp\htdocs\wordpress\wp-content\themes\shopgrids\index.php:215
Stack trace:
#0 C:\xampp\htdocs\wordpress\wp-includes\template-loader.php(106): include()
#1 C:\xampp\htdocs\wordpress\wp-blog-header.php(19): require_once('C:\\xampp\\htdocs...')
#2 C:\xampp\htdocs\wordpress\index.php(17): require('C:\\xampp\\htdocs...')
#3 {main}
  thrown in C:\xampp\htdocs\wordpress\wp-content\themes\shopgrids\index.php on line 215

2023-01-29T23:07:37+00:00 CRITICAL Uncaught Error: Call to undefined method WC_Product_Simple::have_posts() in C:\xampp\htdocs\wordpress\wp-content\themes\shopgrids\index.php:215
Stack trace:
#0 C:\xampp\htdocs\wordpress\wp-includes\template-loader.php(106): include()
#1 C:\xampp\htdocs\wordpress\wp-blog-header.php(19): require_once('C:\\xampp\\htdocs...')
#2 C:\xampp\htdocs\wordpress\index.php(17): require('C:\\xampp\\htdocs...')
#3 {main}
  thrown in C:\xampp\htdocs\wordpress\wp-content\themes\shopgrids\index.php on line 215

2023-01-29T23:08:10+00:00 CRITICAL Uncaught Error: Call to a member function have_posts() on null in C:\xampp\htdocs\wordpress\wp-content\themes\shopgrids\index.php:214
Stack trace:
#0 C:\xampp\htdocs\wordpress\wp-includes\template-loader.php(106): include()
#1 C:\xampp\htdocs\wordpress\wp-blog-header.php(19): require_once('C:\\xampp\\htdocs...')
#2 C:\xampp\htdocs\wordpress\index.php(17): require('C:\\xampp\\htdocs...')
#3 {main}
  thrown in C:\xampp\htdocs\wordpress\wp-content\themes\shopgrids\index.php on line 214

2023-01-29T23:08:12+00:00 CRITICAL Uncaught Error: Call to a member function have_posts() on null in C:\xampp\htdocs\wordpress\wp-content\themes\shopgrids\index.php:214
Stack trace:
#0 C:\xampp\htdocs\wordpress\wp-includes\template-loader.php(106): include()
#1 C:\xampp\htdocs\wordpress\wp-blog-header.php(19): require_once('C:\\xampp\\htdocs...')
#2 C:\xampp\htdocs\wordpress\index.php(17): require('C:\\xampp\\htdocs...')
#3 {main}
  thrown in C:\xampp\htdocs\wordpress\wp-content\themes\shopgrids\index.php on line 214

2023-01-29T23:08:12+00:00 CRITICAL Uncaught Error: Call to a member function have_posts() on null in C:\xampp\htdocs\wordpress\wp-content\themes\shopgrids\index.php:214
Stack trace:
#0 C:\xampp\htdocs\wordpress\wp-includes\template-loader.php(106): include()
#1 C:\xampp\htdocs\wordpress\wp-blog-header.php(19): require_once('C:\\xampp\\htdocs...')
#2 C:\xampp\htdocs\wordpress\index.php(17): require('C:\\xampp\\htdocs...')
#3 {main}
  thrown in C:\xampp\htdocs\wordpress\wp-content\themes\shopgrids\index.php on line 214

