2023-01-30T12:59:39+00:00 DEBUG Tt4b_Pixel_Class::inject_view_content_event: hit injectViewContentEvent
2023-01-30T12:59:39+00:00 DEBUG Tt4b_Pixel_Class::inject_view_content_event: Missing option "access_token"
2023-01-30T13:03:56+00:00 DEBUG Tt4b_Pixel_Class::inject_view_content_event: hit injectViewContentEvent
2023-01-30T13:03:56+00:00 DEBUG Tt4b_Pixel_Class::inject_view_content_event: Missing option "access_token"
2023-01-30T13:04:21+00:00 DEBUG Tt4b_Pixel_Class::inject_add_to_cart_event: hit injectAddToCartEvent
2023-01-30T13:04:21+00:00 DEBUG Tt4b_Pixel_Class::inject_add_to_cart_event: Missing option "access_token"
2023-01-30T13:04:21+00:00 DEBUG Tt4b_Pixel_Class::inject_view_content_event: hit injectViewContentEvent
2023-01-30T13:04:21+00:00 DEBUG Tt4b_Pixel_Class::inject_view_content_event: Missing option "access_token"
2023-01-30T13:04:33+00:00 DEBUG Tt4b_Pixel_Class::inject_view_content_event: hit injectViewContentEvent
2023-01-30T13:04:33+00:00 DEBUG Tt4b_Pixel_Class::inject_view_content_event: Missing option "access_token"
2023-01-30T13:05:20+00:00 DEBUG Tt4b_Pixel_Class::inject_view_content_event: hit injectViewContentEvent
2023-01-30T13:05:20+00:00 DEBUG Tt4b_Pixel_Class::inject_view_content_event: Missing option "access_token"
2023-01-30T13:06:03+00:00 DEBUG Tt4b_Pixel_Class::inject_view_content_event: hit injectViewContentEvent
2023-01-30T13:06:03+00:00 DEBUG Tt4b_Pixel_Class::inject_view_content_event: Missing option "access_token"
2023-01-30T13:10:53+00:00 DEBUG Tt4b_Pixel_Class::inject_view_content_event: hit injectViewContentEvent
2023-01-30T13:10:53+00:00 DEBUG Tt4b_Pixel_Class::inject_view_content_event: Missing option "access_token"
2023-01-30T13:13:23+00:00 DEBUG Tt4b_Pixel_Class::inject_view_content_event: hit injectViewContentEvent
2023-01-30T13:13:23+00:00 DEBUG Tt4b_Pixel_Class::inject_view_content_event: Missing option "access_token"
2023-01-30T13:14:18+00:00 DEBUG Tt4b_Pixel_Class::inject_view_content_event: hit injectViewContentEvent
2023-01-30T13:14:18+00:00 DEBUG Tt4b_Pixel_Class::inject_view_content_event: Missing option "access_token"
2023-01-30T13:15:06+00:00 DEBUG Tt4b_Pixel_Class::inject_view_content_event: hit injectViewContentEvent
2023-01-30T13:15:06+00:00 DEBUG Tt4b_Pixel_Class::inject_view_content_event: Missing option "access_token"
2023-01-30T13:15:41+00:00 DEBUG Tt4b_Pixel_Class::inject_view_content_event: hit injectViewContentEvent
2023-01-30T13:15:41+00:00 DEBUG Tt4b_Pixel_Class::inject_view_content_event: Missing option "access_token"
2023-01-30T13:16:25+00:00 DEBUG Tt4b_Pixel_Class::inject_view_content_event: hit injectViewContentEvent
2023-01-30T13:16:25+00:00 DEBUG Tt4b_Pixel_Class::inject_view_content_event: Missing option "access_token"
2023-01-30T13:17:17+00:00 DEBUG Tt4b_Pixel_Class::inject_view_content_event: hit injectViewContentEvent
2023-01-30T13:17:17+00:00 DEBUG Tt4b_Pixel_Class::inject_view_content_event: Missing option "access_token"
2023-01-30T13:20:28+00:00 DEBUG Tt4b_Pixel_Class::inject_view_content_event: hit injectViewContentEvent
2023-01-30T13:20:28+00:00 DEBUG Tt4b_Pixel_Class::inject_view_content_event: Missing option "access_token"
2023-01-30T13:24:07+00:00 DEBUG Tt4b_Pixel_Class::inject_view_content_event: hit injectViewContentEvent
2023-01-30T13:24:07+00:00 DEBUG Tt4b_Pixel_Class::inject_view_content_event: Missing option "access_token"
2023-01-30T13:25:00+00:00 DEBUG Tt4b_Pixel_Class::inject_view_content_event: hit injectViewContentEvent
2023-01-30T13:25:00+00:00 DEBUG Tt4b_Pixel_Class::inject_view_content_event: Missing option "access_token"
2023-01-30T13:25:26+00:00 DEBUG Tt4b_Pixel_Class::inject_view_content_event: hit injectViewContentEvent
2023-01-30T13:25:26+00:00 DEBUG Tt4b_Pixel_Class::inject_view_content_event: Missing option "access_token"
2023-01-30T13:26:38+00:00 DEBUG Tt4b_Pixel_Class::inject_view_content_event: hit injectViewContentEvent
2023-01-30T13:26:38+00:00 DEBUG Tt4b_Pixel_Class::inject_view_content_event: Missing option "access_token"
2023-01-30T13:29:28+00:00 DEBUG Tt4b_Pixel_Class::inject_view_content_event: hit injectViewContentEvent
2023-01-30T13:29:28+00:00 DEBUG Tt4b_Pixel_Class::inject_view_content_event: Missing option "access_token"
2023-01-30T13:30:06+00:00 DEBUG Tt4b_Pixel_Class::inject_view_content_event: hit injectViewContentEvent
2023-01-30T13:30:06+00:00 DEBUG Tt4b_Pixel_Class::inject_view_content_event: Missing option "access_token"
2023-01-30T13:30:19+00:00 DEBUG Tt4b_Pixel_Class::inject_view_content_event: hit injectViewContentEvent
2023-01-30T13:30:19+00:00 DEBUG Tt4b_Pixel_Class::inject_view_content_event: Missing option "access_token"
2023-01-30T13:30:38+00:00 DEBUG Tt4b_Pixel_Class::inject_view_content_event: hit injectViewContentEvent
2023-01-30T13:30:38+00:00 DEBUG Tt4b_Pixel_Class::inject_view_content_event: Missing option "access_token"
2023-01-30T13:38:32+00:00 DEBUG Tt4b_Pixel_Class::inject_view_content_event: hit injectViewContentEvent
2023-01-30T13:38:32+00:00 DEBUG Tt4b_Pixel_Class::inject_view_content_event: Missing option "access_token"
2023-01-30T13:52:21+00:00 DEBUG Tt4b_Pixel_Class::inject_start_checkout: hit injectStartCheckout
2023-01-30T13:52:21+00:00 DEBUG Tt4b_Pixel_Class::inject_start_checkout: Missing option "access_token"
2023-01-30T13:58:53+00:00 DEBUG Tt4b_Pixel_Class::inject_add_to_cart_event: hit injectAddToCartEvent
2023-01-30T13:58:53+00:00 DEBUG Tt4b_Pixel_Class::inject_add_to_cart_event: Missing option "access_token"
2023-01-30T14:51:46+00:00 DEBUG Tt4b_Pixel_Class::inject_view_content_event: hit injectViewContentEvent
2023-01-30T14:51:46+00:00 DEBUG Tt4b_Pixel_Class::inject_view_content_event: Missing option "access_token"
2023-01-30T14:54:27+00:00 DEBUG Tt4b_Pixel_Class::inject_view_content_event: hit injectViewContentEvent
2023-01-30T14:54:27+00:00 DEBUG Tt4b_Pixel_Class::inject_view_content_event: Missing option "access_token"
2023-01-30T15:18:56+00:00 DEBUG Tt4b_Pixel_Class::inject_start_checkout: hit injectStartCheckout
2023-01-30T15:18:56+00:00 DEBUG Tt4b_Pixel_Class::inject_start_checkout: Missing option "access_token"
2023-01-30T15:19:47+00:00 DEBUG Tt4b_Pixel_Class::inject_view_content_event: hit injectViewContentEvent
2023-01-30T15:19:47+00:00 DEBUG Tt4b_Pixel_Class::inject_view_content_event: Missing option "access_token"
2023-01-30T15:20:22+00:00 DEBUG Tt4b_Pixel_Class::inject_view_content_event: hit injectViewContentEvent
2023-01-30T15:20:22+00:00 DEBUG Tt4b_Pixel_Class::inject_view_content_event: Missing option "access_token"
2023-01-30T15:22:48+00:00 DEBUG Tt4b_Pixel_Class::inject_view_content_event: hit injectViewContentEvent
2023-01-30T15:22:48+00:00 DEBUG Tt4b_Pixel_Class::inject_view_content_event: Missing option "access_token"
2023-01-30T17:08:16+00:00 DEBUG Tt4b_Pixel_Class::inject_view_content_event: hit injectViewContentEvent
2023-01-30T17:08:16+00:00 DEBUG Tt4b_Pixel_Class::inject_view_content_event: Missing option "access_token"
2023-01-30T17:53:33+00:00 DEBUG Tt4b_Pixel_Class::inject_start_checkout: hit injectStartCheckout
2023-01-30T17:53:33+00:00 DEBUG Tt4b_Pixel_Class::inject_start_checkout: Missing option "access_token"
2023-01-30T20:52:06+00:00 DEBUG tt4b_product_sync: missing access token for tt4b_product_sync
2023-01-30T21:14:01+00:00 DEBUG tt4b_product_sync: missing access token for tt4b_product_sync
2023-01-30T21:14:03+00:00 DEBUG tt4b_product_sync: missing access token for tt4b_product_sync
2023-01-30T21:14:04+00:00 DEBUG tt4b_product_sync: missing access token for tt4b_product_sync
2023-01-30T21:14:04+00:00 DEBUG tt4b_product_sync: missing access token for tt4b_product_sync
2023-01-30T21:14:07+00:00 DEBUG tt4b_product_sync: missing access token for tt4b_product_sync
2023-01-30T21:14:29+00:00 DEBUG tt4b_product_sync: missing access token for tt4b_product_sync
2023-01-30T21:15:17+00:00 DEBUG Tt4b_Pixel_Class::inject_view_content_event: hit injectViewContentEvent
2023-01-30T21:15:17+00:00 DEBUG Tt4b_Pixel_Class::inject_view_content_event: Missing option "access_token"
2023-01-30T21:15:46+00:00 DEBUG tt4b_product_sync: missing access token for tt4b_product_sync
2023-01-30T21:16:38+00:00 DEBUG tt4b_product_sync: missing access token for tt4b_product_sync
2023-01-30T21:18:17+00:00 DEBUG tt4b_product_sync: missing access token for tt4b_product_sync
2023-01-30T21:18:40+00:00 DEBUG tt4b_product_sync: missing access token for tt4b_product_sync
2023-01-30T21:19:29+00:00 DEBUG tt4b_product_sync: missing access token for tt4b_product_sync
2023-01-30T21:20:52+00:00 DEBUG tt4b_product_sync: missing access token for tt4b_product_sync
2023-01-30T21:37:51+00:00 DEBUG tt4b_product_sync: missing access token for tt4b_product_sync
2023-01-30T21:38:13+00:00 DEBUG tt4b_product_sync: missing access token for tt4b_product_sync
2023-01-30T21:38:30+00:00 DEBUG Tt4b_Pixel_Class::inject_view_content_event: hit injectViewContentEvent
2023-01-30T21:38:30+00:00 DEBUG Tt4b_Pixel_Class::inject_view_content_event: Missing option "access_token"
2023-01-30T21:39:05+00:00 DEBUG Tt4b_Pixel_Class::inject_view_content_event: hit injectViewContentEvent
2023-01-30T21:39:05+00:00 DEBUG Tt4b_Pixel_Class::inject_view_content_event: Missing option "access_token"
2023-01-30T21:40:14+00:00 DEBUG tt4b_product_sync: missing access token for tt4b_product_sync
2023-01-30T21:41:11+00:00 DEBUG tt4b_product_sync: missing access token for tt4b_product_sync
2023-01-30T21:57:10+00:00 DEBUG tt4b_product_sync: missing access token for tt4b_product_sync
2023-01-30T21:57:45+00:00 DEBUG tt4b_product_sync: missing access token for tt4b_product_sync
2023-01-30T21:59:13+00:00 DEBUG tt4b_product_sync: missing access token for tt4b_product_sync
2023-01-30T21:59:33+00:00 DEBUG tt4b_product_sync: missing access token for tt4b_product_sync
2023-01-30T22:00:01+00:00 DEBUG tt4b_product_sync: missing access token for tt4b_product_sync
2023-01-30T22:01:31+00:00 DEBUG tt4b_product_sync: missing access token for tt4b_product_sync
2023-01-30T22:01:44+00:00 DEBUG tt4b_product_sync: missing access token for tt4b_product_sync
2023-01-30T22:02:05+00:00 DEBUG tt4b_product_sync: missing access token for tt4b_product_sync
2023-01-30T22:02:08+00:00 DEBUG tt4b_product_sync: missing access token for tt4b_product_sync
2023-01-30T22:02:47+00:00 DEBUG tt4b_product_sync: missing access token for tt4b_product_sync
2023-01-30T22:02:59+00:00 DEBUG tt4b_product_sync: missing access token for tt4b_product_sync
2023-01-30T22:03:42+00:00 DEBUG tt4b_product_sync: missing access token for tt4b_product_sync
2023-01-30T22:03:57+00:00 DEBUG tt4b_product_sync: missing access token for tt4b_product_sync
2023-01-30T22:04:12+00:00 DEBUG tt4b_product_sync: missing access token for tt4b_product_sync
2023-01-30T22:05:12+00:00 DEBUG tt4b_product_sync: missing access token for tt4b_product_sync
2023-01-30T22:05:28+00:00 DEBUG tt4b_product_sync: missing access token for tt4b_product_sync
2023-01-30T22:05:43+00:00 DEBUG tt4b_product_sync: missing access token for tt4b_product_sync
2023-01-30T22:06:53+00:00 DEBUG tt4b_product_sync: missing access token for tt4b_product_sync
2023-01-30T23:29:57+00:00 DEBUG tt4b_product_sync: missing access token for tt4b_product_sync
2023-01-30T23:30:25+00:00 DEBUG tt4b_product_sync: missing access token for tt4b_product_sync
2023-01-30T23:31:34+00:00 DEBUG tt4b_product_sync: missing access token for tt4b_product_sync
2023-01-30T23:32:16+00:00 DEBUG tt4b_product_sync: missing access token for tt4b_product_sync
2023-01-30T23:32:29+00:00 DEBUG tt4b_product_sync: missing access token for tt4b_product_sync
2023-01-30T23:33:34+00:00 DEBUG tt4b_product_sync: missing access token for tt4b_product_sync
2023-01-30T23:33:40+00:00 DEBUG tt4b_product_sync: missing access token for tt4b_product_sync
2023-01-30T23:33:50+00:00 DEBUG tt4b_product_sync: missing access token for tt4b_product_sync
2023-01-30T23:34:42+00:00 DEBUG tt4b_product_sync: missing access token for tt4b_product_sync
2023-01-30T23:34:53+00:00 DEBUG tt4b_product_sync: missing access token for tt4b_product_sync
2023-01-30T23:35:45+00:00 DEBUG tt4b_product_sync: missing access token for tt4b_product_sync
2023-01-30T23:36:22+00:00 DEBUG tt4b_product_sync: missing access token for tt4b_product_sync
2023-01-30T23:36:29+00:00 DEBUG tt4b_product_sync: missing access token for tt4b_product_sync
2023-01-30T23:37:19+00:00 DEBUG tt4b_product_sync: missing access token for tt4b_product_sync
2023-01-30T23:37:30+00:00 DEBUG tt4b_product_sync: missing access token for tt4b_product_sync
2023-01-30T23:38:20+00:00 DEBUG tt4b_product_sync: missing access token for tt4b_product_sync
2023-01-30T23:38:35+00:00 DEBUG tt4b_product_sync: missing access token for tt4b_product_sync
2023-01-30T23:39:26+00:00 DEBUG tt4b_product_sync: missing access token for tt4b_product_sync
2023-01-30T23:39:39+00:00 DEBUG tt4b_product_sync: missing access token for tt4b_product_sync
2023-01-30T23:40:20+00:00 DEBUG tt4b_product_sync: missing access token for tt4b_product_sync
2023-01-30T23:40:30+00:00 DEBUG tt4b_product_sync: missing access token for tt4b_product_sync
2023-01-30T23:41:21+00:00 DEBUG tt4b_product_sync: missing access token for tt4b_product_sync
2023-01-30T23:42:39+00:00 DEBUG tt4b_product_sync: missing access token for tt4b_product_sync
2023-01-30T23:54:17+00:00 DEBUG Tt4b_Pixel_Class::inject_view_content_event: hit injectViewContentEvent
2023-01-30T23:54:17+00:00 DEBUG Tt4b_Pixel_Class::inject_view_content_event: Missing option "access_token"
2023-01-30T23:59:20+00:00 DEBUG Tt4b_Pixel_Class::inject_view_content_event: hit injectViewContentEvent
2023-01-30T23:59:20+00:00 DEBUG Tt4b_Pixel_Class::inject_view_content_event: Missing option "access_token"
