2023-02-21T10:59:19+00:00 DEBUG tt4b_product_delete: missing access token for tt4b_product_sync
2023-02-21T10:59:19+00:00 DEBUG tt4b_product_delete: missing access token for tt4b_product_sync
2023-02-21T10:59:19+00:00 DEBUG tt4b_product_delete: missing access token for tt4b_product_sync
2023-02-21T10:59:19+00:00 DEBUG tt4b_product_delete: missing access token for tt4b_product_sync
2023-02-21T10:59:19+00:00 DEBUG tt4b_product_delete: missing access token for tt4b_product_sync
2023-02-21T10:59:19+00:00 DEBUG tt4b_product_delete: missing access token for tt4b_product_sync
2023-02-21T10:59:19+00:00 DEBUG tt4b_product_delete: missing access token for tt4b_product_sync
2023-02-21T10:59:19+00:00 DEBUG tt4b_product_delete: missing access token for tt4b_product_sync
2023-02-21T11:04:50+00:00 DEBUG Tt4b_Pixel_Class::inject_view_content_event: hit injectViewContentEvent
2023-02-21T11:04:50+00:00 DEBUG Tt4b_Pixel_Class::inject_view_content_event: Missing option "access_token"
2023-02-21T11:05:17+00:00 DEBUG Tt4b_Pixel_Class::inject_add_to_cart_event: hit injectAddToCartEvent
2023-02-21T11:05:17+00:00 DEBUG Tt4b_Pixel_Class::inject_add_to_cart_event: Missing option "access_token"
2023-02-21T11:05:17+00:00 DEBUG Tt4b_Pixel_Class::inject_view_content_event: hit injectViewContentEvent
2023-02-21T11:05:17+00:00 DEBUG Tt4b_Pixel_Class::inject_view_content_event: Missing option "access_token"
2023-02-21T11:05:49+00:00 DEBUG Tt4b_Pixel_Class::inject_start_checkout: hit injectStartCheckout
2023-02-21T11:05:49+00:00 DEBUG Tt4b_Pixel_Class::inject_start_checkout: Missing option "access_token"
2023-02-21T11:05:49+00:00 DEBUG Tt4b_Pixel_Class::inject_start_checkout: Missing option "access_token"
2023-02-21T11:06:47+00:00 DEBUG Tt4b_Pixel_Class::inject_view_content_event: hit injectViewContentEvent
2023-02-21T11:06:47+00:00 DEBUG Tt4b_Pixel_Class::inject_view_content_event: Missing option "access_token"
2023-02-21T11:15:17+00:00 DEBUG Tt4b_Pixel_Class::inject_view_content_event: hit injectViewContentEvent
2023-02-21T11:15:17+00:00 DEBUG Tt4b_Pixel_Class::inject_view_content_event: Missing option "access_token"
2023-02-21T11:17:19+00:00 DEBUG Tt4b_Pixel_Class::inject_view_content_event: hit injectViewContentEvent
2023-02-21T11:17:19+00:00 DEBUG Tt4b_Pixel_Class::inject_view_content_event: Missing option "access_token"
2023-02-21T11:19:31+00:00 DEBUG Tt4b_Pixel_Class::inject_view_content_event: hit injectViewContentEvent
2023-02-21T11:19:31+00:00 DEBUG Tt4b_Pixel_Class::inject_view_content_event: Missing option "access_token"
2023-02-21T11:19:56+00:00 DEBUG Tt4b_Pixel_Class::inject_view_content_event: hit injectViewContentEvent
2023-02-21T11:19:56+00:00 DEBUG Tt4b_Pixel_Class::inject_view_content_event: Missing option "access_token"
